{"D:\\Universidad\\TrabajoGrado\\NuevoCodigo\\app-cooperativa-niif\\src\\admin\\components\\organisms\\ProfForm.tsx": {"path":"D:\\Universidad\\TrabajoGrado\\NuevoCodigo\\app-cooperativa-niif\\src\\admin\\components\\organisms\\ProfForm.tsx","all":false,"statementMap":{"0":{"start":{"line":1,"column":0},"end":{"line":1,"column":44}},"1":{"start":{"line":2,"column":0},"end":{"line":2,"column":47}},"2":{"start":{"line":3,"column":0},"end":{"line":3,"column":42}},"3":{"start":{"line":4,"column":0},"end":{"line":4,"column":51}},"4":{"start":{"line":5,"column":0},"end":{"line":5,"column":47}},"5":{"start":{"line":6,"column":0},"end":{"line":6,"column":42}},"6":{"start":{"line":7,"column":0},"end":{"line":7,"column":54}},"8":{"start":{"line":9,"column":0},"end":{"line":9,"column":106}},"9":{"start":{"line":10,"column":0},"end":{"line":10,"column":53}},"10":{"start":{"line":11,"column":0},"end":{"line":11,"column":61}},"11":{"start":{"line":12,"column":0},"end":{"line":12,"column":70}},"19":{"start":{"line":20,"column":0},"end":{"line":20,"column":72}},"20":{"start":{"line":21,"column":0},"end":{"line":21,"column":38}},"21":{"start":{"line":22,"column":0},"end":{"line":22,"column":51}},"23":{"start":{"line":24,"column":0},"end":{"line":24,"column":33}},"25":{"start":{"line":26,"column":0},"end":{"line":26,"column":9}},"26":{"start":{"line":27,"column":0},"end":{"line":27,"column":13}},"27":{"start":{"line":28,"column":0},"end":{"line":28,"column":17}},"28":{"start":{"line":29,"column":0},"end":{"line":29,"column":13}},"29":{"start":{"line":30,"column":0},"end":{"line":30,"column":26}},"30":{"start":{"line":31,"column":0},"end":{"line":31,"column":15}},"31":{"start":{"line":32,"column":0},"end":{"line":32,"column":72}},"32":{"start":{"line":33,"column":0},"end":{"line":33,"column":5}},"34":{"start":{"line":35,"column":0},"end":{"line":35,"column":19}},"35":{"start":{"line":36,"column":0},"end":{"line":36,"column":20}},"36":{"start":{"line":37,"column":0},"end":{"line":37,"column":45}},"37":{"start":{"line":38,"column":0},"end":{"line":38,"column":47}},"38":{"start":{"line":39,"column":0},"end":{"line":39,"column":5}},"39":{"start":{"line":40,"column":0},"end":{"line":40,"column":28}},"41":{"start":{"line":42,"column":0},"end":{"line":42,"column":44}},"43":{"start":{"line":44,"column":0},"end":{"line":44,"column":27}},"44":{"start":{"line":45,"column":0},"end":{"line":45,"column":28}},"45":{"start":{"line":46,"column":0},"end":{"line":46,"column":30}},"46":{"start":{"line":47,"column":0},"end":{"line":47,"column":36}},"47":{"start":{"line":48,"column":0},"end":{"line":48,"column":5}},"49":{"start":{"line":50,"column":0},"end":{"line":50,"column":19}},"50":{"start":{"line":51,"column":0},"end":{"line":51,"column":84}},"51":{"start":{"line":52,"column":0},"end":{"line":52,"column":59}},"52":{"start":{"line":53,"column":0},"end":{"line":53,"column":21}},"53":{"start":{"line":54,"column":0},"end":{"line":54,"column":24}},"54":{"start":{"line":55,"column":0},"end":{"line":55,"column":87}},"55":{"start":{"line":56,"column":0},"end":{"line":56,"column":109}},"56":{"start":{"line":57,"column":0},"end":{"line":57,"column":26}},"57":{"start":{"line":58,"column":0},"end":{"line":58,"column":28}},"58":{"start":{"line":59,"column":0},"end":{"line":59,"column":17}},"59":{"start":{"line":60,"column":0},"end":{"line":60,"column":8}},"60":{"start":{"line":61,"column":0},"end":{"line":61,"column":5}},"61":{"start":{"line":62,"column":0},"end":{"line":62,"column":10}},"62":{"start":{"line":63,"column":0},"end":{"line":63,"column":66}},"63":{"start":{"line":64,"column":0},"end":{"line":64,"column":46}},"64":{"start":{"line":65,"column":0},"end":{"line":65,"column":27}},"65":{"start":{"line":66,"column":0},"end":{"line":66,"column":87}},"66":{"start":{"line":67,"column":0},"end":{"line":67,"column":93}},"67":{"start":{"line":68,"column":0},"end":{"line":68,"column":26}},"68":{"start":{"line":69,"column":0},"end":{"line":69,"column":28}},"69":{"start":{"line":70,"column":0},"end":{"line":70,"column":17}},"70":{"start":{"line":71,"column":0},"end":{"line":71,"column":9}},"71":{"start":{"line":72,"column":0},"end":{"line":72,"column":5}},"72":{"start":{"line":73,"column":0},"end":{"line":73,"column":4}},"74":{"start":{"line":75,"column":0},"end":{"line":75,"column":10}},"75":{"start":{"line":76,"column":0},"end":{"line":76,"column":121}},"76":{"start":{"line":77,"column":0},"end":{"line":77,"column":19}},"77":{"start":{"line":78,"column":0},"end":{"line":78,"column":56}},"78":{"start":{"line":79,"column":0},"end":{"line":79,"column":69}},"79":{"start":{"line":80,"column":0},"end":{"line":80,"column":95}},"80":{"start":{"line":81,"column":0},"end":{"line":81,"column":149}},"81":{"start":{"line":82,"column":0},"end":{"line":82,"column":18}},"82":{"start":{"line":83,"column":0},"end":{"line":83,"column":65}},"83":{"start":{"line":84,"column":0},"end":{"line":84,"column":22}},"84":{"start":{"line":85,"column":0},"end":{"line":85,"column":65}},"87":{"start":{"line":88,"column":0},"end":{"line":88,"column":67}},"88":{"start":{"line":89,"column":0},"end":{"line":89,"column":59}},"89":{"start":{"line":90,"column":0},"end":{"line":90,"column":100}},"90":{"start":{"line":91,"column":0},"end":{"line":91,"column":14}},"91":{"start":{"line":92,"column":0},"end":{"line":92,"column":59}},"92":{"start":{"line":93,"column":0},"end":{"line":93,"column":126}},"93":{"start":{"line":94,"column":0},"end":{"line":94,"column":14}},"94":{"start":{"line":95,"column":0},"end":{"line":95,"column":16}},"95":{"start":{"line":96,"column":0},"end":{"line":96,"column":31}},"96":{"start":{"line":97,"column":0},"end":{"line":97,"column":110}},"97":{"start":{"line":98,"column":0},"end":{"line":98,"column":12}},"99":{"start":{"line":100,"column":0},"end":{"line":100,"column":31}},"100":{"start":{"line":101,"column":0},"end":{"line":101,"column":124}},"101":{"start":{"line":102,"column":0},"end":{"line":102,"column":12}},"102":{"start":{"line":103,"column":0},"end":{"line":103,"column":166}},"103":{"start":{"line":104,"column":0},"end":{"line":104,"column":62}},"104":{"start":{"line":105,"column":0},"end":{"line":105,"column":15}},"105":{"start":{"line":106,"column":0},"end":{"line":106,"column":11}},"107":{"start":{"line":108,"column":0},"end":{"line":108,"column":2}},"109":{"start":{"line":110,"column":0},"end":{"line":110,"column":24}}},"s":{"0":1,"1":1,"2":1,"3":1,"4":1,"5":1,"6":1,"8":1,"9":1,"10":1,"11":1,"19":1,"20":16,"21":16,"23":16,"25":16,"26":16,"27":16,"28":16,"29":16,"30":16,"31":16,"32":16,"34":16,"35":6,"36":2,"37":2,"38":2,"39":16,"41":16,"43":3,"44":3,"45":3,"46":3,"47":3,"49":3,"50":1,"51":1,"52":1,"53":1,"54":1,"55":0,"56":0,"57":0,"58":0,"59":1,"60":1,"61":2,"62":2,"63":1,"64":1,"65":2,"66":1,"67":1,"68":0,"69":1,"70":2,"71":2,"72":3,"74":16,"75":16,"76":16,"77":5,"78":5,"79":5,"80":5,"81":5,"82":11,"83":16,"84":1,"87":16,"88":16,"89":16,"90":16,"91":16,"92":16,"93":16,"94":16,"95":16,"96":16,"97":16,"99":16,"100":16,"101":16,"102":16,"103":16,"104":16,"105":16,"107":16,"109":1},"branchMap":{"0":{"type":"branch","line":20,"loc":{"start":{"line":20,"column":17},"end":{"line":108,"column":2}},"locations":[{"start":{"line":20,"column":17},"end":{"line":108,"column":2}}]},"1":{"type":"branch","line":32,"loc":{"start":{"line":32,"column":26},"end":{"line":32,"column":54}},"locations":[{"start":{"line":32,"column":26},"end":{"line":32,"column":54}}]},"2":{"type":"branch","line":32,"loc":{"start":{"line":32,"column":37},"end":{"line":32,"column":70}},"locations":[{"start":{"line":32,"column":37},"end":{"line":32,"column":70}}]},"3":{"type":"branch","line":77,"loc":{"start":{"line":77,"column":7},"end":{"line":82,"column":18}},"locations":[{"start":{"line":77,"column":7},"end":{"line":82,"column":18}}]},"4":{"type":"branch","line":82,"loc":{"start":{"line":82,"column":8},"end":{"line":83,"column":65}},"locations":[{"start":{"line":82,"column":8},"end":{"line":83,"column":65}}]},"5":{"type":"branch","line":84,"loc":{"start":{"line":84,"column":7},"end":{"line":85,"column":65}},"locations":[{"start":{"line":84,"column":7},"end":{"line":85,"column":65}}]},"6":{"type":"branch","line":35,"loc":{"start":{"line":35,"column":12},"end":{"line":40,"column":5}},"locations":[{"start":{"line":35,"column":12},"end":{"line":40,"column":5}}]},"7":{"type":"branch","line":36,"loc":{"start":{"line":36,"column":19},"end":{"line":39,"column":5}},"locations":[{"start":{"line":36,"column":19},"end":{"line":39,"column":5}}]},"8":{"type":"branch","line":42,"loc":{"start":{"line":42,"column":19},"end":{"line":73,"column":4}},"locations":[{"start":{"line":42,"column":19},"end":{"line":73,"column":4}}]},"9":{"type":"branch","line":50,"loc":{"start":{"line":50,"column":18},"end":{"line":61,"column":5}},"locations":[{"start":{"line":50,"column":18},"end":{"line":61,"column":5}}]},"10":{"type":"branch","line":61,"loc":{"start":{"line":61,"column":4},"end":{"line":72,"column":5}},"locations":[{"start":{"line":61,"column":4},"end":{"line":72,"column":5}}]},"11":{"type":"branch","line":51,"loc":{"start":{"line":51,"column":77},"end":{"line":55,"column":7}},"locations":[{"start":{"line":51,"column":77},"end":{"line":55,"column":7}}]},"12":{"type":"branch","line":63,"loc":{"start":{"line":63,"column":59},"end":{"line":66,"column":7}},"locations":[{"start":{"line":63,"column":59},"end":{"line":66,"column":7}}]},"13":{"type":"branch","line":66,"loc":{"start":{"line":66,"column":15},"end":{"line":71,"column":7}},"locations":[{"start":{"line":66,"column":15},"end":{"line":71,"column":7}}]},"14":{"type":"branch","line":67,"loc":{"start":{"line":67,"column":52},"end":{"line":67,"column":91}},"locations":[{"start":{"line":67,"column":52},"end":{"line":67,"column":91}}]}},"b":{"0":[16],"1":[5],"2":[11],"3":[5],"4":[11],"5":[1],"6":[6],"7":[2],"8":[3],"9":[1],"10":[2],"11":[1],"12":[1],"13":[1],"14":[0]},"fnMap":{"0":{"name":"ProfForm","decl":{"start":{"line":20,"column":17},"end":{"line":108,"column":2}},"loc":{"start":{"line":20,"column":17},"end":{"line":108,"column":2}},"line":20},"1":{"name":"onSubmit","decl":{"start":{"line":42,"column":19},"end":{"line":73,"column":4}},"loc":{"start":{"line":42,"column":19},"end":{"line":73,"column":4}},"line":42}},"f":{"0":16,"1":3}}
,"D:\\Universidad\\TrabajoGrado\\NuevoCodigo\\app-cooperativa-niif\\src\\admin\\models\\User.ts": {"path":"D:\\Universidad\\TrabajoGrado\\NuevoCodigo\\app-cooperativa-niif\\src\\admin\\models\\User.ts","all":false,"statementMap":{"0":{"start":{"line":1,"column":0},"end":{"line":1,"column":24}},"10":{"start":{"line":11,"column":0},"end":{"line":11,"column":31}},"11":{"start":{"line":12,"column":0},"end":{"line":12,"column":11}},"12":{"start":{"line":13,"column":0},"end":{"line":13,"column":14}},"13":{"start":{"line":14,"column":0},"end":{"line":14,"column":15}},"14":{"start":{"line":15,"column":0},"end":{"line":15,"column":41}},"15":{"start":{"line":16,"column":0},"end":{"line":16,"column":63}},"16":{"start":{"line":17,"column":0},"end":{"line":17,"column":15}},"17":{"start":{"line":18,"column":0},"end":{"line":18,"column":15}},"18":{"start":{"line":19,"column":0},"end":{"line":19,"column":50}},"19":{"start":{"line":20,"column":0},"end":{"line":20,"column":77}},"20":{"start":{"line":21,"column":0},"end":{"line":21,"column":18}},"21":{"start":{"line":22,"column":0},"end":{"line":22,"column":15}},"22":{"start":{"line":23,"column":0},"end":{"line":23,"column":17}},"23":{"start":{"line":24,"column":0},"end":{"line":24,"column":71}},"24":{"start":{"line":25,"column":0},"end":{"line":25,"column":68}},"25":{"start":{"line":26,"column":0},"end":{"line":26,"column":30}},"26":{"start":{"line":27,"column":0},"end":{"line":27,"column":8}},"27":{"start":{"line":28,"column":0},"end":{"line":28,"column":51}},"28":{"start":{"line":29,"column":0},"end":{"line":29,"column":76}},"29":{"start":{"line":30,"column":0},"end":{"line":30,"column":8}},"30":{"start":{"line":31,"column":0},"end":{"line":31,"column":51}},"31":{"start":{"line":32,"column":0},"end":{"line":32,"column":76}},"32":{"start":{"line":33,"column":0},"end":{"line":33,"column":8}},"33":{"start":{"line":34,"column":0},"end":{"line":34,"column":48}},"34":{"start":{"line":35,"column":0},"end":{"line":35,"column":66}},"35":{"start":{"line":36,"column":0},"end":{"line":36,"column":8}},"36":{"start":{"line":37,"column":0},"end":{"line":37,"column":55}},"37":{"start":{"line":38,"column":0},"end":{"line":38,"column":16}},"38":{"start":{"line":39,"column":0},"end":{"line":39,"column":80}},"39":{"start":{"line":40,"column":0},"end":{"line":40,"column":9}},"40":{"start":{"line":41,"column":0},"end":{"line":41,"column":22}},"41":{"start":{"line":42,"column":0},"end":{"line":42,"column":15}},"42":{"start":{"line":43,"column":0},"end":{"line":43,"column":17}},"43":{"start":{"line":44,"column":0},"end":{"line":44,"column":71}},"44":{"start":{"line":45,"column":0},"end":{"line":45,"column":16}},"45":{"start":{"line":46,"column":0},"end":{"line":46,"column":77}},"46":{"start":{"line":47,"column":0},"end":{"line":47,"column":34}},"47":{"start":{"line":48,"column":0},"end":{"line":48,"column":8}},"48":{"start":{"line":49,"column":0},"end":{"line":49,"column":51}},"49":{"start":{"line":50,"column":0},"end":{"line":50,"column":16}},"50":{"start":{"line":51,"column":0},"end":{"line":51,"column":85}},"51":{"start":{"line":52,"column":0},"end":{"line":52,"column":8}},"52":{"start":{"line":53,"column":0},"end":{"line":53,"column":51}},"53":{"start":{"line":54,"column":0},"end":{"line":54,"column":16}},"54":{"start":{"line":55,"column":0},"end":{"line":55,"column":85}},"55":{"start":{"line":56,"column":0},"end":{"line":56,"column":8}},"56":{"start":{"line":57,"column":0},"end":{"line":57,"column":48}},"57":{"start":{"line":58,"column":0},"end":{"line":58,"column":16}},"58":{"start":{"line":59,"column":0},"end":{"line":59,"column":75}},"59":{"start":{"line":60,"column":0},"end":{"line":60,"column":8}},"60":{"start":{"line":61,"column":0},"end":{"line":61,"column":55}},"61":{"start":{"line":62,"column":0},"end":{"line":62,"column":16}},"62":{"start":{"line":63,"column":0},"end":{"line":63,"column":96}},"63":{"start":{"line":64,"column":0},"end":{"line":64,"column":9}},"64":{"start":{"line":65,"column":0},"end":{"line":65,"column":4}},"65":{"start":{"line":66,"column":0},"end":{"line":66,"column":64}},"66":{"start":{"line":67,"column":0},"end":{"line":67,"column":44}},"67":{"start":{"line":68,"column":0},"end":{"line":68,"column":30}},"68":{"start":{"line":69,"column":0},"end":{"line":69,"column":5}},"71":{"start":{"line":72,"column":0},"end":{"line":72,"column":33}},"72":{"start":{"line":73,"column":0},"end":{"line":73,"column":11}},"73":{"start":{"line":74,"column":0},"end":{"line":74,"column":14}},"74":{"start":{"line":75,"column":0},"end":{"line":75,"column":15}},"75":{"start":{"line":76,"column":0},"end":{"line":76,"column":41}},"76":{"start":{"line":77,"column":0},"end":{"line":77,"column":63}},"77":{"start":{"line":78,"column":0},"end":{"line":78,"column":15}},"78":{"start":{"line":79,"column":0},"end":{"line":79,"column":15}},"79":{"start":{"line":80,"column":0},"end":{"line":80,"column":50}},"80":{"start":{"line":81,"column":0},"end":{"line":81,"column":77}},"81":{"start":{"line":82,"column":0},"end":{"line":82,"column":18}},"82":{"start":{"line":83,"column":0},"end":{"line":83,"column":15}},"83":{"start":{"line":84,"column":0},"end":{"line":84,"column":76}},"84":{"start":{"line":85,"column":0},"end":{"line":85,"column":74}},"85":{"start":{"line":86,"column":0},"end":{"line":86,"column":23}},"86":{"start":{"line":87,"column":0},"end":{"line":87,"column":76}},"87":{"start":{"line":88,"column":0},"end":{"line":88,"column":8}},"88":{"start":{"line":89,"column":0},"end":{"line":89,"column":23}},"89":{"start":{"line":90,"column":0},"end":{"line":90,"column":76}},"90":{"start":{"line":91,"column":0},"end":{"line":91,"column":8}},"91":{"start":{"line":92,"column":0},"end":{"line":92,"column":20}},"92":{"start":{"line":93,"column":0},"end":{"line":93,"column":66}},"93":{"start":{"line":94,"column":0},"end":{"line":94,"column":8}},"94":{"start":{"line":95,"column":0},"end":{"line":95,"column":27}},"95":{"start":{"line":96,"column":0},"end":{"line":96,"column":16}},"96":{"start":{"line":97,"column":0},"end":{"line":97,"column":80}},"97":{"start":{"line":98,"column":0},"end":{"line":98,"column":9}},"98":{"start":{"line":99,"column":0},"end":{"line":99,"column":22}},"99":{"start":{"line":100,"column":0},"end":{"line":100,"column":15}},"100":{"start":{"line":101,"column":0},"end":{"line":101,"column":76}},"101":{"start":{"line":102,"column":0},"end":{"line":102,"column":74}},"102":{"start":{"line":103,"column":0},"end":{"line":103,"column":23}},"103":{"start":{"line":104,"column":0},"end":{"line":104,"column":76}},"104":{"start":{"line":105,"column":0},"end":{"line":105,"column":8}},"105":{"start":{"line":106,"column":0},"end":{"line":106,"column":23}},"106":{"start":{"line":107,"column":0},"end":{"line":107,"column":76}},"107":{"start":{"line":108,"column":0},"end":{"line":108,"column":8}},"108":{"start":{"line":109,"column":0},"end":{"line":109,"column":20}},"109":{"start":{"line":110,"column":0},"end":{"line":110,"column":66}},"110":{"start":{"line":111,"column":0},"end":{"line":111,"column":8}},"111":{"start":{"line":112,"column":0},"end":{"line":112,"column":27}},"112":{"start":{"line":113,"column":0},"end":{"line":113,"column":16}},"113":{"start":{"line":114,"column":0},"end":{"line":114,"column":80}},"114":{"start":{"line":115,"column":0},"end":{"line":115,"column":9}},"115":{"start":{"line":116,"column":0},"end":{"line":116,"column":4}},"116":{"start":{"line":117,"column":0},"end":{"line":117,"column":64}},"117":{"start":{"line":118,"column":0},"end":{"line":118,"column":44}},"118":{"start":{"line":119,"column":0},"end":{"line":119,"column":30}},"119":{"start":{"line":120,"column":0},"end":{"line":120,"column":5}}},"s":{"0":1,"10":1,"11":1,"12":1,"13":1,"14":1,"15":1,"16":1,"17":1,"18":1,"19":1,"20":1,"21":1,"22":1,"23":1,"24":1,"25":1,"26":1,"27":1,"28":1,"29":1,"30":1,"31":1,"32":1,"33":1,"34":1,"35":1,"36":1,"37":1,"38":1,"39":1,"40":1,"41":1,"42":1,"43":1,"44":1,"45":1,"46":1,"47":1,"48":1,"49":1,"50":1,"51":1,"52":1,"53":1,"54":1,"55":1,"56":1,"57":1,"58":1,"59":1,"60":1,"61":1,"62":1,"63":1,"64":1,"65":1,"66":1,"67":1,"68":1,"71":1,"72":1,"73":1,"74":1,"75":1,"76":1,"77":1,"78":1,"79":1,"80":1,"81":1,"82":1,"83":1,"84":1,"85":1,"86":1,"87":1,"88":1,"89":1,"90":1,"91":1,"92":1,"93":1,"94":1,"95":1,"96":1,"97":1,"98":1,"99":1,"100":1,"101":1,"102":1,"103":1,"104":1,"105":1,"106":1,"107":1,"108":1,"109":1,"110":1,"111":1,"112":1,"113":1,"114":1,"115":1,"116":1,"117":1,"118":1,"119":1},"branchMap":{"0":{"type":"branch","line":24,"loc":{"start":{"line":24,"column":14},"end":{"line":24,"column":70}},"locations":[{"start":{"line":24,"column":14},"end":{"line":24,"column":70}}]},"1":{"type":"branch","line":24,"loc":{"start":{"line":24,"column":24},"end":{"line":24,"column":70}},"locations":[{"start":{"line":24,"column":24},"end":{"line":24,"column":70}}]},"2":{"type":"branch","line":28,"loc":{"start":{"line":28,"column":14},"end":{"line":28,"column":50}},"locations":[{"start":{"line":28,"column":14},"end":{"line":28,"column":50}}]},"3":{"type":"branch","line":28,"loc":{"start":{"line":28,"column":24},"end":{"line":28,"column":50}},"locations":[{"start":{"line":28,"column":24},"end":{"line":28,"column":50}}]},"4":{"type":"branch","line":31,"loc":{"start":{"line":31,"column":14},"end":{"line":31,"column":50}},"locations":[{"start":{"line":31,"column":14},"end":{"line":31,"column":50}}]},"5":{"type":"branch","line":31,"loc":{"start":{"line":31,"column":24},"end":{"line":31,"column":50}},"locations":[{"start":{"line":31,"column":24},"end":{"line":31,"column":50}}]},"6":{"type":"branch","line":34,"loc":{"start":{"line":34,"column":14},"end":{"line":34,"column":47}},"locations":[{"start":{"line":34,"column":14},"end":{"line":34,"column":47}}]},"7":{"type":"branch","line":34,"loc":{"start":{"line":34,"column":24},"end":{"line":34,"column":47}},"locations":[{"start":{"line":34,"column":24},"end":{"line":34,"column":47}}]},"8":{"type":"branch","line":37,"loc":{"start":{"line":37,"column":14},"end":{"line":37,"column":54}},"locations":[{"start":{"line":37,"column":14},"end":{"line":37,"column":54}}]},"9":{"type":"branch","line":37,"loc":{"start":{"line":37,"column":24},"end":{"line":37,"column":54}},"locations":[{"start":{"line":37,"column":24},"end":{"line":37,"column":54}}]},"10":{"type":"branch","line":44,"loc":{"start":{"line":44,"column":14},"end":{"line":44,"column":70}},"locations":[{"start":{"line":44,"column":14},"end":{"line":44,"column":70}}]},"11":{"type":"branch","line":44,"loc":{"start":{"line":44,"column":24},"end":{"line":44,"column":70}},"locations":[{"start":{"line":44,"column":24},"end":{"line":44,"column":70}}]},"12":{"type":"branch","line":49,"loc":{"start":{"line":49,"column":14},"end":{"line":49,"column":50}},"locations":[{"start":{"line":49,"column":14},"end":{"line":49,"column":50}}]},"13":{"type":"branch","line":49,"loc":{"start":{"line":49,"column":24},"end":{"line":49,"column":50}},"locations":[{"start":{"line":49,"column":24},"end":{"line":49,"column":50}}]},"14":{"type":"branch","line":53,"loc":{"start":{"line":53,"column":14},"end":{"line":53,"column":50}},"locations":[{"start":{"line":53,"column":14},"end":{"line":53,"column":50}}]},"15":{"type":"branch","line":53,"loc":{"start":{"line":53,"column":24},"end":{"line":53,"column":50}},"locations":[{"start":{"line":53,"column":24},"end":{"line":53,"column":50}}]},"16":{"type":"branch","line":57,"loc":{"start":{"line":57,"column":14},"end":{"line":57,"column":47}},"locations":[{"start":{"line":57,"column":14},"end":{"line":57,"column":47}}]},"17":{"type":"branch","line":57,"loc":{"start":{"line":57,"column":24},"end":{"line":57,"column":47}},"locations":[{"start":{"line":57,"column":24},"end":{"line":57,"column":47}}]},"18":{"type":"branch","line":61,"loc":{"start":{"line":61,"column":14},"end":{"line":61,"column":54}},"locations":[{"start":{"line":61,"column":14},"end":{"line":61,"column":54}}]},"19":{"type":"branch","line":61,"loc":{"start":{"line":61,"column":24},"end":{"line":61,"column":54}},"locations":[{"start":{"line":61,"column":24},"end":{"line":61,"column":54}}]},"20":{"type":"branch","line":66,"loc":{"start":{"line":66,"column":10},"end":{"line":66,"column":63}},"locations":[{"start":{"line":66,"column":10},"end":{"line":66,"column":63}}]},"21":{"type":"branch","line":117,"loc":{"start":{"line":117,"column":10},"end":{"line":117,"column":63}},"locations":[{"start":{"line":117,"column":10},"end":{"line":117,"column":63}}]}},"b":{"0":[1],"1":[0],"2":[1],"3":[0],"4":[1],"5":[0],"6":[1],"7":[0],"8":[1],"9":[0],"10":[1],"11":[0],"12":[1],"13":[0],"14":[1],"15":[0],"16":[1],"17":[0],"18":[1],"19":[0],"20":[1],"21":[3]},"fnMap":{"0":{"name":"__vite_ssr_import_0__.z.object.usuPassword.__vite_ssr_import_0__.z.string.optional.refine.message","decl":{"start":{"line":24,"column":14},"end":{"line":24,"column":70}},"loc":{"start":{"line":24,"column":14},"end":{"line":24,"column":70}},"line":24},"1":{"name":"__vite_ssr_import_0__.z.object.usuPassword.__vite_ssr_import_0__.z.string.optional.refine.refine.message","decl":{"start":{"line":28,"column":14},"end":{"line":28,"column":50}},"loc":{"start":{"line":28,"column":14},"end":{"line":28,"column":50}},"line":28},"2":{"name":"__vite_ssr_import_0__.z.object.usuPassword.__vite_ssr_import_0__.z.string.optional.refine.refine.refine.message","decl":{"start":{"line":31,"column":14},"end":{"line":31,"column":50}},"loc":{"start":{"line":31,"column":14},"end":{"line":31,"column":50}},"line":31},"3":{"name":"__vite_ssr_import_0__.z.object.usuPassword.__vite_ssr_import_0__.z.string.optional.refine.refine.refine.refine.message","decl":{"start":{"line":34,"column":14},"end":{"line":34,"column":47}},"loc":{"start":{"line":34,"column":14},"end":{"line":34,"column":47}},"line":34},"4":{"name":"__vite_ssr_import_0__.z.object.usuPassword.__vite_ssr_import_0__.z.string.optional.refine.refine.refine.refine.refine.message","decl":{"start":{"line":37,"column":14},"end":{"line":37,"column":54}},"loc":{"start":{"line":37,"column":14},"end":{"line":37,"column":54}},"line":37},"5":{"name":"__vite_ssr_import_0__.z.object.confirmPassword.__vite_ssr_import_0__.z.string.optional.refine.message","decl":{"start":{"line":44,"column":14},"end":{"line":44,"column":70}},"loc":{"start":{"line":44,"column":14},"end":{"line":44,"column":70}},"line":44},"6":{"name":"__vite_ssr_import_0__.z.object.confirmPassword.__vite_ssr_import_0__.z.string.optional.refine.refine.message","decl":{"start":{"line":49,"column":14},"end":{"line":49,"column":50}},"loc":{"start":{"line":49,"column":14},"end":{"line":49,"column":50}},"line":49},"7":{"name":"__vite_ssr_import_0__.z.object.confirmPassword.__vite_ssr_import_0__.z.string.optional.refine.refine.refine.message","decl":{"start":{"line":53,"column":14},"end":{"line":53,"column":50}},"loc":{"start":{"line":53,"column":14},"end":{"line":53,"column":50}},"line":53},"8":{"name":"__vite_ssr_import_0__.z.object.confirmPassword.__vite_ssr_import_0__.z.string.optional.refine.refine.refine.refine.message","decl":{"start":{"line":57,"column":14},"end":{"line":57,"column":47}},"loc":{"start":{"line":57,"column":14},"end":{"line":57,"column":47}},"line":57},"9":{"name":"__vite_ssr_import_0__.z.object.confirmPassword.__vite_ssr_import_0__.z.string.optional.refine.refine.refine.refine.refine.message","decl":{"start":{"line":61,"column":14},"end":{"line":61,"column":54}},"loc":{"start":{"line":61,"column":14},"end":{"line":61,"column":54}},"line":61},"10":{"name":"__vite_ssr_import_0__.z.object.refine.message","decl":{"start":{"line":66,"column":10},"end":{"line":66,"column":63}},"loc":{"start":{"line":66,"column":10},"end":{"line":66,"column":63}},"line":66},"11":{"name":"__vite_ssr_import_0__.z.object.refine.message","decl":{"start":{"line":117,"column":10},"end":{"line":117,"column":63}},"loc":{"start":{"line":117,"column":10},"end":{"line":117,"column":63}},"line":117}},"f":{"0":1,"1":1,"2":1,"3":1,"4":1,"5":1,"6":1,"7":1,"8":1,"9":1,"10":1,"11":3}}
,"D:\\Universidad\\TrabajoGrado\\NuevoCodigo\\app-cooperativa-niif\\src\\components\\atoms\\InputForm.tsx": {"path":"D:\\Universidad\\TrabajoGrado\\NuevoCodigo\\app-cooperativa-niif\\src\\components\\atoms\\InputForm.tsx","all":false,"statementMap":{"8":{"start":{"line":9,"column":0},"end":{"line":9,"column":35}},"9":{"start":{"line":10,"column":0},"end":{"line":10,"column":13}},"10":{"start":{"line":11,"column":0},"end":{"line":11,"column":11}},"11":{"start":{"line":12,"column":0},"end":{"line":12,"column":14}},"12":{"start":{"line":13,"column":0},"end":{"line":13,"column":18}},"13":{"start":{"line":14,"column":0},"end":{"line":14,"column":21}},"14":{"start":{"line":15,"column":0},"end":{"line":15,"column":11}},"15":{"start":{"line":16,"column":0},"end":{"line":16,"column":20}},"16":{"start":{"line":17,"column":0},"end":{"line":17,"column":12}},"17":{"start":{"line":18,"column":0},"end":{"line":18,"column":10}},"18":{"start":{"line":19,"column":0},"end":{"line":19,"column":18}},"19":{"start":{"line":20,"column":0},"end":{"line":20,"column":133}},"20":{"start":{"line":21,"column":0},"end":{"line":21,"column":27}},"21":{"start":{"line":22,"column":0},"end":{"line":22,"column":41}},"22":{"start":{"line":23,"column":0},"end":{"line":23,"column":40}},"23":{"start":{"line":24,"column":0},"end":{"line":24,"column":25}},"24":{"start":{"line":25,"column":0},"end":{"line":25,"column":14}},"25":{"start":{"line":26,"column":0},"end":{"line":26,"column":35}},"26":{"start":{"line":27,"column":0},"end":{"line":27,"column":66}},"27":{"start":{"line":28,"column":0},"end":{"line":28,"column":78}},"28":{"start":{"line":29,"column":0},"end":{"line":29,"column":20}},"30":{"start":{"line":31,"column":0},"end":{"line":31,"column":11}},"32":{"start":{"line":33,"column":0},"end":{"line":33,"column":1}}},"s":{"8":32,"9":32,"10":32,"11":32,"12":32,"13":32,"14":32,"15":32,"16":32,"17":32,"18":32,"19":32,"20":32,"21":32,"22":32,"23":32,"24":32,"25":32,"26":2,"27":2,"28":2,"30":32,"32":32},"branchMap":{"0":{"type":"branch","line":9,"loc":{"start":{"line":9,"column":0},"end":{"line":33,"column":1}},"locations":[{"start":{"line":9,"column":0},"end":{"line":33,"column":1}}]},"1":{"type":"branch","line":26,"loc":{"start":{"line":26,"column":29},"end":{"line":29,"column":20}},"locations":[{"start":{"line":26,"column":29},"end":{"line":29,"column":20}}]},"2":{"type":"branch","line":28,"loc":{"start":{"line":28,"column":39},"end":{"line":28,"column":78}},"locations":[{"start":{"line":28,"column":39},"end":{"line":28,"column":78}}]}},"b":{"0":[32],"1":[2],"2":[0]},"fnMap":{"0":{"name":"InputForm","decl":{"start":{"line":9,"column":0},"end":{"line":33,"column":1}},"loc":{"start":{"line":9,"column":0},"end":{"line":33,"column":1}},"line":9}},"f":{"0":32}}
,"D:\\Universidad\\TrabajoGrado\\NuevoCodigo\\app-cooperativa-niif\\src\\components\\atoms\\PasswordInput.tsx": {"path":"D:\\Universidad\\TrabajoGrado\\NuevoCodigo\\app-cooperativa-niif\\src\\components\\atoms\\PasswordInput.tsx","all":false,"statementMap":{"0":{"start":{"line":1,"column":0},"end":{"line":1,"column":33}},"1":{"start":{"line":2,"column":0},"end":{"line":2,"column":64}},"10":{"start":{"line":11,"column":0},"end":{"line":11,"column":117}},"11":{"start":{"line":12,"column":0},"end":{"line":12,"column":60}},"13":{"start":{"line":14,"column":0},"end":{"line":14,"column":44}},"14":{"start":{"line":15,"column":0},"end":{"line":15,"column":39}},"15":{"start":{"line":16,"column":0},"end":{"line":16,"column":6}},"17":{"start":{"line":18,"column":0},"end":{"line":18,"column":12}},"18":{"start":{"line":19,"column":0},"end":{"line":19,"column":10}},"19":{"start":{"line":20,"column":0},"end":{"line":20,"column":38}},"20":{"start":{"line":21,"column":0},"end":{"line":21,"column":22}},"21":{"start":{"line":22,"column":0},"end":{"line":22,"column":61}},"22":{"start":{"line":23,"column":0},"end":{"line":23,"column":137}},"23":{"start":{"line":24,"column":0},"end":{"line":24,"column":45}},"24":{"start":{"line":25,"column":0},"end":{"line":25,"column":44}},"25":{"start":{"line":26,"column":0},"end":{"line":26,"column":29}},"26":{"start":{"line":27,"column":0},"end":{"line":27,"column":18}},"27":{"start":{"line":28,"column":0},"end":{"line":28,"column":23}},"28":{"start":{"line":29,"column":0},"end":{"line":29,"column":33}},"29":{"start":{"line":30,"column":0},"end":{"line":30,"column":54}},"30":{"start":{"line":31,"column":0},"end":{"line":31,"column":139}},"32":{"start":{"line":33,"column":0},"end":{"line":33,"column":75}},"33":{"start":{"line":34,"column":0},"end":{"line":34,"column":25}},"34":{"start":{"line":35,"column":0},"end":{"line":35,"column":18}},"35":{"start":{"line":36,"column":0},"end":{"line":36,"column":35}},"36":{"start":{"line":37,"column":0},"end":{"line":37,"column":78}},"37":{"start":{"line":38,"column":0},"end":{"line":38,"column":81}},"38":{"start":{"line":39,"column":0},"end":{"line":39,"column":20}},"40":{"start":{"line":41,"column":0},"end":{"line":41,"column":11}},"42":{"start":{"line":43,"column":0},"end":{"line":43,"column":1}}},"s":{"0":1,"1":1,"10":32,"11":32,"13":32,"14":0,"15":0,"17":32,"18":32,"19":32,"20":32,"21":32,"22":32,"23":32,"24":32,"25":32,"26":32,"27":32,"28":32,"29":32,"30":32,"32":32,"33":32,"34":32,"35":32,"36":2,"37":2,"38":2,"40":32,"42":32},"branchMap":{"0":{"type":"branch","line":11,"loc":{"start":{"line":11,"column":0},"end":{"line":43,"column":1}},"locations":[{"start":{"line":11,"column":0},"end":{"line":43,"column":1}}]},"1":{"type":"branch","line":22,"loc":{"start":{"line":22,"column":26},"end":{"line":22,"column":50}},"locations":[{"start":{"line":22,"column":26},"end":{"line":22,"column":50}}]},"2":{"type":"branch","line":33,"loc":{"start":{"line":33,"column":21},"end":{"line":33,"column":58}},"locations":[{"start":{"line":33,"column":21},"end":{"line":33,"column":58}}]},"3":{"type":"branch","line":36,"loc":{"start":{"line":36,"column":29},"end":{"line":39,"column":20}},"locations":[{"start":{"line":36,"column":29},"end":{"line":39,"column":20}}]},"4":{"type":"branch","line":38,"loc":{"start":{"line":38,"column":39},"end":{"line":38,"column":81}},"locations":[{"start":{"line":38,"column":39},"end":{"line":38,"column":81}}]}},"b":{"0":[32],"1":[0],"2":[0],"3":[2],"4":[0]},"fnMap":{"0":{"name":"PasswordInput","decl":{"start":{"line":11,"column":0},"end":{"line":43,"column":1}},"loc":{"start":{"line":11,"column":0},"end":{"line":43,"column":1}},"line":11},"1":{"name":"togglePasswordVisibility","decl":{"start":{"line":14,"column":37},"end":{"line":16,"column":6}},"loc":{"start":{"line":14,"column":37},"end":{"line":16,"column":6}},"line":14}},"f":{"0":32,"1":0}}
}
